<?xml version="1.0" encoding="UTF-8"?>
<testsuite name="delete_test" tests="4" skipped="0" failures="0" errors="0" timestamp="2021-11-09T12:12:28" hostname="ESGN1802" time="0.104">
  <properties/>
  <testcase name="valid_delete()" classname="delete_test" time="0.051"/>
  <testcase name="[1] delete" classname="delete_test" time="0.017"/>
  <testcase name="[2] delete a" classname="delete_test" time="0.002"/>
  <testcase name="[3] delete 2" classname="delete_test" time="0.004"/>
  <system-out><![CDATA[Got it. I've added this task:
[D][ ] return book
Now you have 1 tasks in the list.
Noted. I've removed this task: 
1.[D][ ] return book (by: 2021-12-01 18:00)
Got it. I've added this task:
[D][ ] return book
Now you have 1 tasks in the list.
Invalid syntax. Try: delete -> 'delete <task id>' E.g. delete 1
Got it. I've added this task:
[D][ ] return book
Now you have 1 tasks in the list.
Invalid syntax. Try: delete -> 'delete <task id>' E.g. delete 1
Got it. I've added this task:
[D][ ] return book
Now you have 1 tasks in the list.
The list on contains 1 items
]]></system-out>
  <system-err><![CDATA[]]></system-err>
</testsuite>
